::1 - - [Mon, 31 Oct 2016 13:02:34 GMT] "GET / HTTP/1.1" 304 - "http://localhost:3000/" "Mozilla/5.0 (Windows NT 6.1; WOW64) AppleWebKit/537.36 (KHTML, like Gecko) Chrome/52.0.2743.116 Safari/537.36"
::1 - - [Mon, 31 Oct 2016 13:02:34 GMT] "GET /stylesheets/style.css HTTP/1.1" 304 - "http://localhost:3000/" "Mozilla/5.0 (Windows NT 6.1; WOW64) AppleWebKit/537.36 (KHTML, like Gecko) Chrome/52.0.2743.116 Safari/537.36"
::1 - - [Mon, 31 Oct 2016 13:02:34 GMT] "GET /stylesheets/markdown.css HTTP/1.1" 304 - "http://localhost:3000/" "Mozilla/5.0 (Windows NT 6.1; WOW64) AppleWebKit/537.36 (KHTML, like Gecko) Chrome/52.0.2743.116 Safari/537.36"
::1 - - [Mon, 31 Oct 2016 13:02:35 GMT] "GET /archive HTTP/1.1" 304 - "http://localhost:3000/" "Mozilla/5.0 (Windows NT 6.1; WOW64) AppleWebKit/537.36 (KHTML, like Gecko) Chrome/52.0.2743.116 Safari/537.36"
::1 - - [Mon, 31 Oct 2016 13:02:35 GMT] "GET /stylesheets/style.css HTTP/1.1" 304 - "http://localhost:3000/archive" "Mozilla/5.0 (Windows NT 6.1; WOW64) AppleWebKit/537.36 (KHTML, like Gecko) Chrome/52.0.2743.116 Safari/537.36"
::1 - - [Mon, 31 Oct 2016 13:02:35 GMT] "GET /stylesheets/markdown.css HTTP/1.1" 304 - "http://localhost:3000/archive" "Mozilla/5.0 (Windows NT 6.1; WOW64) AppleWebKit/537.36 (KHTML, like Gecko) Chrome/52.0.2743.116 Safari/537.36"
::1 - - [Mon, 31 Oct 2016 13:02:36 GMT] "GET /u/%E9%99%88%E7%A4%BC%E9%BE%99/2016-10-18/%E6%88%91%E6%98%AF%E5%AE%87%E5%AE%99%E8%B6%85%E4%BA%BA HTTP/1.1" 200 1986 "http://localhost:3000/archive" "Mozilla/5.0 (Windows NT 6.1; WOW64) AppleWebKit/537.36 (KHTML, like Gecko) Chrome/52.0.2743.116 Safari/537.36"
::1 - - [Mon, 31 Oct 2016 13:02:36 GMT] "GET /stylesheets/style.css HTTP/1.1" 304 - "http://localhost:3000/u/%E9%99%88%E7%A4%BC%E9%BE%99/2016-10-18/%E6%88%91%E6%98%AF%E5%AE%87%E5%AE%99%E8%B6%85%E4%BA%BA" "Mozilla/5.0 (Windows NT 6.1; WOW64) AppleWebKit/537.36 (KHTML, like Gecko) Chrome/52.0.2743.116 Safari/537.36"
::1 - - [Mon, 31 Oct 2016 13:02:36 GMT] "GET /stylesheets/markdown.css HTTP/1.1" 304 - "http://localhost:3000/u/%E9%99%88%E7%A4%BC%E9%BE%99/2016-10-18/%E6%88%91%E6%98%AF%E5%AE%87%E5%AE%99%E8%B6%85%E4%BA%BA" "Mozilla/5.0 (Windows NT 6.1; WOW64) AppleWebKit/537.36 (KHTML, like Gecko) Chrome/52.0.2743.116 Safari/537.36"
::1 - - [Mon, 31 Oct 2016 13:02:42 GMT] "POST /u/%E9%99%88%E7%A4%BC%E9%BE%99/2016-10-18/%E6%88%91%E6%98%AF%E5%AE%87%E5%AE%99%E8%B6%85%E4%BA%BA HTTP/1.1" 302 278 "http://localhost:3000/u/%E9%99%88%E7%A4%BC%E9%BE%99/2016-10-18/%E6%88%91%E6%98%AF%E5%AE%87%E5%AE%99%E8%B6%85%E4%BA%BA" "Mozilla/5.0 (Windows NT 6.1; WOW64) AppleWebKit/537.36 (KHTML, like Gecko) Chrome/52.0.2743.116 Safari/537.36"
::1 - - [Mon, 31 Oct 2016 13:02:42 GMT] "GET /u/%E9%99%88%E7%A4%BC%E9%BE%99/2016-10-18/%E6%88%91%E6%98%AF%E5%AE%87%E5%AE%99%E8%B6%85%E4%BA%BA HTTP/1.1" 200 2285 "http://localhost:3000/u/%E9%99%88%E7%A4%BC%E9%BE%99/2016-10-18/%E6%88%91%E6%98%AF%E5%AE%87%E5%AE%99%E8%B6%85%E4%BA%BA" "Mozilla/5.0 (Windows NT 6.1; WOW64) AppleWebKit/537.36 (KHTML, like Gecko) Chrome/52.0.2743.116 Safari/537.36"
::1 - - [Mon, 31 Oct 2016 13:02:42 GMT] "GET /stylesheets/style.css HTTP/1.1" 304 - "http://localhost:3000/u/%E9%99%88%E7%A4%BC%E9%BE%99/2016-10-18/%E6%88%91%E6%98%AF%E5%AE%87%E5%AE%99%E8%B6%85%E4%BA%BA" "Mozilla/5.0 (Windows NT 6.1; WOW64) AppleWebKit/537.36 (KHTML, like Gecko) Chrome/52.0.2743.116 Safari/537.36"
::1 - - [Mon, 31 Oct 2016 13:02:42 GMT] "GET /stylesheets/markdown.css HTTP/1.1" 304 - "http://localhost:3000/u/%E9%99%88%E7%A4%BC%E9%BE%99/2016-10-18/%E6%88%91%E6%98%AF%E5%AE%87%E5%AE%99%E8%B6%85%E4%BA%BA" "Mozilla/5.0 (Windows NT 6.1; WOW64) AppleWebKit/537.36 (KHTML, like Gecko) Chrome/52.0.2743.116 Safari/537.36"
::1 - - [Mon, 31 Oct 2016 13:09:40 GMT] "GET /u/%E9%99%88%E7%A4%BC%E9%BE%99 HTTP/1.1" 200 1512 "http://localhost:3000/u/%E9%99%88%E7%A4%BC%E9%BE%99/2016-10-18/%E6%88%91%E6%98%AF%E5%AE%87%E5%AE%99%E8%B6%85%E4%BA%BA" "Mozilla/5.0 (Windows NT 6.1; WOW64) AppleWebKit/537.36 (KHTML, like Gecko) Chrome/52.0.2743.116 Safari/537.36"
::1 - - [Mon, 31 Oct 2016 13:09:40 GMT] "GET /stylesheets/style.css HTTP/1.1" 304 - "http://localhost:3000/u/%E9%99%88%E7%A4%BC%E9%BE%99" "Mozilla/5.0 (Windows NT 6.1; WOW64) AppleWebKit/537.36 (KHTML, like Gecko) Chrome/52.0.2743.116 Safari/537.36"
::1 - - [Mon, 31 Oct 2016 13:09:40 GMT] "GET /stylesheets/markdown.css HTTP/1.1" 304 - "http://localhost:3000/u/%E9%99%88%E7%A4%BC%E9%BE%99" "Mozilla/5.0 (Windows NT 6.1; WOW64) AppleWebKit/537.36 (KHTML, like Gecko) Chrome/52.0.2743.116 Safari/537.36"
::1 - - [Mon, 31 Oct 2016 13:09:41 GMT] "GET /u/%E9%99%88%E7%A4%BC%E9%BE%99/2016-10-18/%E6%88%91%E6%98%AF%E5%AE%87%E5%AE%99%E8%B6%85%E4%BA%BA HTTP/1.1" 200 2256 "http://localhost:3000/u/%E9%99%88%E7%A4%BC%E9%BE%99" "Mozilla/5.0 (Windows NT 6.1; WOW64) AppleWebKit/537.36 (KHTML, like Gecko) Chrome/52.0.2743.116 Safari/537.36"
::1 - - [Mon, 31 Oct 2016 13:09:42 GMT] "GET /stylesheets/style.css HTTP/1.1" 304 - "http://localhost:3000/u/%E9%99%88%E7%A4%BC%E9%BE%99/2016-10-18/%E6%88%91%E6%98%AF%E5%AE%87%E5%AE%99%E8%B6%85%E4%BA%BA" "Mozilla/5.0 (Windows NT 6.1; WOW64) AppleWebKit/537.36 (KHTML, like Gecko) Chrome/52.0.2743.116 Safari/537.36"
::1 - - [Mon, 31 Oct 2016 13:09:42 GMT] "GET /stylesheets/markdown.css HTTP/1.1" 304 - "http://localhost:3000/u/%E9%99%88%E7%A4%BC%E9%BE%99/2016-10-18/%E6%88%91%E6%98%AF%E5%AE%87%E5%AE%99%E8%B6%85%E4%BA%BA" "Mozilla/5.0 (Windows NT 6.1; WOW64) AppleWebKit/537.36 (KHTML, like Gecko) Chrome/52.0.2743.116 Safari/537.36"
::1 - - [Mon, 31 Oct 2016 13:09:44 GMT] "GET / HTTP/1.1" 200 1859 "http://localhost:3000/u/%E9%99%88%E7%A4%BC%E9%BE%99/2016-10-18/%E6%88%91%E6%98%AF%E5%AE%87%E5%AE%99%E8%B6%85%E4%BA%BA" "Mozilla/5.0 (Windows NT 6.1; WOW64) AppleWebKit/537.36 (KHTML, like Gecko) Chrome/52.0.2743.116 Safari/537.36"
::1 - - [Mon, 31 Oct 2016 13:09:45 GMT] "GET /stylesheets/style.css HTTP/1.1" 304 - "http://localhost:3000/" "Mozilla/5.0 (Windows NT 6.1; WOW64) AppleWebKit/537.36 (KHTML, like Gecko) Chrome/52.0.2743.116 Safari/537.36"
::1 - - [Mon, 31 Oct 2016 13:09:45 GMT] "GET /stylesheets/markdown.css HTTP/1.1" 304 - "http://localhost:3000/" "Mozilla/5.0 (Windows NT 6.1; WOW64) AppleWebKit/537.36 (KHTML, like Gecko) Chrome/52.0.2743.116 Safari/537.36"
::1 - - [Mon, 31 Oct 2016 13:09:46 GMT] "GET /archive HTTP/1.1" 304 - "http://localhost:3000/" "Mozilla/5.0 (Windows NT 6.1; WOW64) AppleWebKit/537.36 (KHTML, like Gecko) Chrome/52.0.2743.116 Safari/537.36"
::1 - - [Mon, 31 Oct 2016 13:09:46 GMT] "GET /stylesheets/style.css HTTP/1.1" 304 - "http://localhost:3000/archive" "Mozilla/5.0 (Windows NT 6.1; WOW64) AppleWebKit/537.36 (KHTML, like Gecko) Chrome/52.0.2743.116 Safari/537.36"
::1 - - [Mon, 31 Oct 2016 13:09:46 GMT] "GET /stylesheets/markdown.css HTTP/1.1" 304 - "http://localhost:3000/archive" "Mozilla/5.0 (Windows NT 6.1; WOW64) AppleWebKit/537.36 (KHTML, like Gecko) Chrome/52.0.2743.116 Safari/537.36"
::1 - - [Mon, 31 Oct 2016 13:09:47 GMT] "GET /login HTTP/1.1" 200 1048 "http://localhost:3000/archive" "Mozilla/5.0 (Windows NT 6.1; WOW64) AppleWebKit/537.36 (KHTML, like Gecko) Chrome/52.0.2743.116 Safari/537.36"
::1 - - [Mon, 31 Oct 2016 13:09:47 GMT] "GET /stylesheets/style.css HTTP/1.1" 304 - "http://localhost:3000/login" "Mozilla/5.0 (Windows NT 6.1; WOW64) AppleWebKit/537.36 (KHTML, like Gecko) Chrome/52.0.2743.116 Safari/537.36"
::1 - - [Mon, 31 Oct 2016 13:09:47 GMT] "GET /stylesheets/markdown.css HTTP/1.1" 304 - "http://localhost:3000/login" "Mozilla/5.0 (Windows NT 6.1; WOW64) AppleWebKit/537.36 (KHTML, like Gecko) Chrome/52.0.2743.116 Safari/537.36"
::1 - - [Mon, 31 Oct 2016 13:09:51 GMT] "POST /login HTTP/1.1" 302 46 "http://localhost:3000/login" "Mozilla/5.0 (Windows NT 6.1; WOW64) AppleWebKit/537.36 (KHTML, like Gecko) Chrome/52.0.2743.116 Safari/537.36"
::1 - - [Mon, 31 Oct 2016 13:09:51 GMT] "GET / HTTP/1.1" 200 1961 "http://localhost:3000/login" "Mozilla/5.0 (Windows NT 6.1; WOW64) AppleWebKit/537.36 (KHTML, like Gecko) Chrome/52.0.2743.116 Safari/537.36"
::1 - - [Mon, 31 Oct 2016 13:09:51 GMT] "GET /stylesheets/style.css HTTP/1.1" 304 - "http://localhost:3000/" "Mozilla/5.0 (Windows NT 6.1; WOW64) AppleWebKit/537.36 (KHTML, like Gecko) Chrome/52.0.2743.116 Safari/537.36"
::1 - - [Mon, 31 Oct 2016 13:09:51 GMT] "GET /stylesheets/markdown.css HTTP/1.1" 304 - "http://localhost:3000/" "Mozilla/5.0 (Windows NT 6.1; WOW64) AppleWebKit/537.36 (KHTML, like Gecko) Chrome/52.0.2743.116 Safari/537.36"
::1 - - [Mon, 31 Oct 2016 13:09:54 GMT] "GET /archive HTTP/1.1" 200 1248 "http://localhost:3000/" "Mozilla/5.0 (Windows NT 6.1; WOW64) AppleWebKit/537.36 (KHTML, like Gecko) Chrome/52.0.2743.116 Safari/537.36"
::1 - - [Mon, 31 Oct 2016 13:09:54 GMT] "GET /stylesheets/style.css HTTP/1.1" 304 - "http://localhost:3000/archive" "Mozilla/5.0 (Windows NT 6.1; WOW64) AppleWebKit/537.36 (KHTML, like Gecko) Chrome/52.0.2743.116 Safari/537.36"
::1 - - [Mon, 31 Oct 2016 13:09:54 GMT] "GET /stylesheets/markdown.css HTTP/1.1" 304 - "http://localhost:3000/archive" "Mozilla/5.0 (Windows NT 6.1; WOW64) AppleWebKit/537.36 (KHTML, like Gecko) Chrome/52.0.2743.116 Safari/537.36"
::1 - - [Mon, 31 Oct 2016 13:09:55 GMT] "GET /links HTTP/1.1" 200 1292 "http://localhost:3000/archive" "Mozilla/5.0 (Windows NT 6.1; WOW64) AppleWebKit/537.36 (KHTML, like Gecko) Chrome/52.0.2743.116 Safari/537.36"
::1 - - [Mon, 31 Oct 2016 13:09:55 GMT] "GET /stylesheets/style.css HTTP/1.1" 304 - "http://localhost:3000/links" "Mozilla/5.0 (Windows NT 6.1; WOW64) AppleWebKit/537.36 (KHTML, like Gecko) Chrome/52.0.2743.116 Safari/537.36"
::1 - - [Mon, 31 Oct 2016 13:09:55 GMT] "GET /stylesheets/markdown.css HTTP/1.1" 304 - "http://localhost:3000/links" "Mozilla/5.0 (Windows NT 6.1; WOW64) AppleWebKit/537.36 (KHTML, like Gecko) Chrome/52.0.2743.116 Safari/537.36"
::1 - - [Mon, 31 Oct 2016 13:09:56 GMT] "GET /tags HTTP/1.1" 304 - "http://localhost:3000/links" "Mozilla/5.0 (Windows NT 6.1; WOW64) AppleWebKit/537.36 (KHTML, like Gecko) Chrome/52.0.2743.116 Safari/537.36"
::1 - - [Mon, 31 Oct 2016 13:09:56 GMT] "GET /stylesheets/style.css HTTP/1.1" 304 - "http://localhost:3000/tags" "Mozilla/5.0 (Windows NT 6.1; WOW64) AppleWebKit/537.36 (KHTML, like Gecko) Chrome/52.0.2743.116 Safari/537.36"
::1 - - [Mon, 31 Oct 2016 13:09:56 GMT] "GET /stylesheets/markdown.css HTTP/1.1" 304 - "http://localhost:3000/tags" "Mozilla/5.0 (Windows NT 6.1; WOW64) AppleWebKit/537.36 (KHTML, like Gecko) Chrome/52.0.2743.116 Safari/537.36"
::1 - - [Mon, 31 Oct 2016 13:09:56 GMT] "GET /archive HTTP/1.1" 304 - "http://localhost:3000/tags" "Mozilla/5.0 (Windows NT 6.1; WOW64) AppleWebKit/537.36 (KHTML, like Gecko) Chrome/52.0.2743.116 Safari/537.36"
::1 - - [Mon, 31 Oct 2016 13:09:57 GMT] "GET /stylesheets/style.css HTTP/1.1" 304 - "http://localhost:3000/archive" "Mozilla/5.0 (Windows NT 6.1; WOW64) AppleWebKit/537.36 (KHTML, like Gecko) Chrome/52.0.2743.116 Safari/537.36"
::1 - - [Mon, 31 Oct 2016 13:09:57 GMT] "GET /stylesheets/markdown.css HTTP/1.1" 304 - "http://localhost:3000/archive" "Mozilla/5.0 (Windows NT 6.1; WOW64) AppleWebKit/537.36 (KHTML, like Gecko) Chrome/52.0.2743.116 Safari/537.36"
::1 - - [Mon, 31 Oct 2016 13:09:57 GMT] "GET / HTTP/1.1" 200 1933 "http://localhost:3000/archive" "Mozilla/5.0 (Windows NT 6.1; WOW64) AppleWebKit/537.36 (KHTML, like Gecko) Chrome/52.0.2743.116 Safari/537.36"
::1 - - [Mon, 31 Oct 2016 13:09:57 GMT] "GET /stylesheets/style.css HTTP/1.1" 304 - "http://localhost:3000/" "Mozilla/5.0 (Windows NT 6.1; WOW64) AppleWebKit/537.36 (KHTML, like Gecko) Chrome/52.0.2743.116 Safari/537.36"
::1 - - [Mon, 31 Oct 2016 13:09:57 GMT] "GET /stylesheets/markdown.css HTTP/1.1" 304 - "http://localhost:3000/" "Mozilla/5.0 (Windows NT 6.1; WOW64) AppleWebKit/537.36 (KHTML, like Gecko) Chrome/52.0.2743.116 Safari/537.36"
::1 - - [Mon, 31 Oct 2016 13:09:59 GMT] "GET /post HTTP/1.1" 200 1335 "http://localhost:3000/" "Mozilla/5.0 (Windows NT 6.1; WOW64) AppleWebKit/537.36 (KHTML, like Gecko) Chrome/52.0.2743.116 Safari/537.36"
::1 - - [Mon, 31 Oct 2016 13:09:59 GMT] "GET /stylesheets/style.css HTTP/1.1" 304 - "http://localhost:3000/post" "Mozilla/5.0 (Windows NT 6.1; WOW64) AppleWebKit/537.36 (KHTML, like Gecko) Chrome/52.0.2743.116 Safari/537.36"
::1 - - [Mon, 31 Oct 2016 13:09:59 GMT] "GET /stylesheets/markdown.css HTTP/1.1" 304 - "http://localhost:3000/post" "Mozilla/5.0 (Windows NT 6.1; WOW64) AppleWebKit/537.36 (KHTML, like Gecko) Chrome/52.0.2743.116 Safari/537.36"
::1 - - [Mon, 31 Oct 2016 13:09:59 GMT] "GET /upload HTTP/1.1" 304 - "http://localhost:3000/post" "Mozilla/5.0 (Windows NT 6.1; WOW64) AppleWebKit/537.36 (KHTML, like Gecko) Chrome/52.0.2743.116 Safari/537.36"
::1 - - [Mon, 31 Oct 2016 13:09:59 GMT] "GET /stylesheets/style.css HTTP/1.1" 304 - "http://localhost:3000/upload" "Mozilla/5.0 (Windows NT 6.1; WOW64) AppleWebKit/537.36 (KHTML, like Gecko) Chrome/52.0.2743.116 Safari/537.36"
::1 - - [Mon, 31 Oct 2016 13:09:59 GMT] "GET /stylesheets/markdown.css HTTP/1.1" 304 - "http://localhost:3000/upload" "Mozilla/5.0 (Windows NT 6.1; WOW64) AppleWebKit/537.36 (KHTML, like Gecko) Chrome/52.0.2743.116 Safari/537.36"
::1 - - [Mon, 31 Oct 2016 13:10:00 GMT] "GET /links HTTP/1.1" 304 - "http://localhost:3000/upload" "Mozilla/5.0 (Windows NT 6.1; WOW64) AppleWebKit/537.36 (KHTML, like Gecko) Chrome/52.0.2743.116 Safari/537.36"
::1 - - [Mon, 31 Oct 2016 13:10:00 GMT] "GET /stylesheets/style.css HTTP/1.1" 304 - "http://localhost:3000/links" "Mozilla/5.0 (Windows NT 6.1; WOW64) AppleWebKit/537.36 (KHTML, like Gecko) Chrome/52.0.2743.116 Safari/537.36"
::1 - - [Mon, 31 Oct 2016 13:10:00 GMT] "GET /stylesheets/markdown.css HTTP/1.1" 304 - "http://localhost:3000/links" "Mozilla/5.0 (Windows NT 6.1; WOW64) AppleWebKit/537.36 (KHTML, like Gecko) Chrome/52.0.2743.116 Safari/537.36"
::1 - - [Mon, 31 Oct 2016 13:10:00 GMT] "GET /archive HTTP/1.1" 304 - "http://localhost:3000/links" "Mozilla/5.0 (Windows NT 6.1; WOW64) AppleWebKit/537.36 (KHTML, like Gecko) Chrome/52.0.2743.116 Safari/537.36"
::1 - - [Mon, 31 Oct 2016 13:10:00 GMT] "GET /stylesheets/style.css HTTP/1.1" 304 - "http://localhost:3000/archive" "Mozilla/5.0 (Windows NT 6.1; WOW64) AppleWebKit/537.36 (KHTML, like Gecko) Chrome/52.0.2743.116 Safari/537.36"
::1 - - [Mon, 31 Oct 2016 13:10:00 GMT] "GET /stylesheets/markdown.css HTTP/1.1" 304 - "http://localhost:3000/archive" "Mozilla/5.0 (Windows NT 6.1; WOW64) AppleWebKit/537.36 (KHTML, like Gecko) Chrome/52.0.2743.116 Safari/537.36"
::1 - - [Mon, 31 Oct 2016 13:10:01 GMT] "GET / HTTP/1.1" 304 - "http://localhost:3000/archive" "Mozilla/5.0 (Windows NT 6.1; WOW64) AppleWebKit/537.36 (KHTML, like Gecko) Chrome/52.0.2743.116 Safari/537.36"
::1 - - [Mon, 31 Oct 2016 13:10:01 GMT] "GET /stylesheets/style.css HTTP/1.1" 304 - "http://localhost:3000/" "Mozilla/5.0 (Windows NT 6.1; WOW64) AppleWebKit/537.36 (KHTML, like Gecko) Chrome/52.0.2743.116 Safari/537.36"
::1 - - [Mon, 31 Oct 2016 13:10:01 GMT] "GET /stylesheets/markdown.css HTTP/1.1" 304 - "http://localhost:3000/" "Mozilla/5.0 (Windows NT 6.1; WOW64) AppleWebKit/537.36 (KHTML, like Gecko) Chrome/52.0.2743.116 Safari/537.36"
::1 - - [Mon, 31 Oct 2016 13:10:03 GMT] "GET /u/%E9%99%88%E7%A4%BC%E9%BE%99 HTTP/1.1" 200 1586 "http://localhost:3000/" "Mozilla/5.0 (Windows NT 6.1; WOW64) AppleWebKit/537.36 (KHTML, like Gecko) Chrome/52.0.2743.116 Safari/537.36"
::1 - - [Mon, 31 Oct 2016 13:10:03 GMT] "GET /stylesheets/style.css HTTP/1.1" 304 - "http://localhost:3000/u/%E9%99%88%E7%A4%BC%E9%BE%99" "Mozilla/5.0 (Windows NT 6.1; WOW64) AppleWebKit/537.36 (KHTML, like Gecko) Chrome/52.0.2743.116 Safari/537.36"
::1 - - [Mon, 31 Oct 2016 13:10:03 GMT] "GET /stylesheets/markdown.css HTTP/1.1" 304 - "http://localhost:3000/u/%E9%99%88%E7%A4%BC%E9%BE%99" "Mozilla/5.0 (Windows NT 6.1; WOW64) AppleWebKit/537.36 (KHTML, like Gecko) Chrome/52.0.2743.116 Safari/537.36"
::1 - - [Mon, 31 Oct 2016 13:10:04 GMT] "GET /u/%E9%99%88%E7%A4%BC%E9%BE%99/2016-10-18/%E6%88%91%E6%98%AF%E5%AE%87%E5%AE%99%E8%B6%85%E4%BA%BA HTTP/1.1" 200 2574 "http://localhost:3000/u/%E9%99%88%E7%A4%BC%E9%BE%99" "Mozilla/5.0 (Windows NT 6.1; WOW64) AppleWebKit/537.36 (KHTML, like Gecko) Chrome/52.0.2743.116 Safari/537.36"
::1 - - [Mon, 31 Oct 2016 13:10:04 GMT] "GET /stylesheets/style.css HTTP/1.1" 304 - "http://localhost:3000/u/%E9%99%88%E7%A4%BC%E9%BE%99/2016-10-18/%E6%88%91%E6%98%AF%E5%AE%87%E5%AE%99%E8%B6%85%E4%BA%BA" "Mozilla/5.0 (Windows NT 6.1; WOW64) AppleWebKit/537.36 (KHTML, like Gecko) Chrome/52.0.2743.116 Safari/537.36"
::1 - - [Mon, 31 Oct 2016 13:10:04 GMT] "GET /stylesheets/markdown.css HTTP/1.1" 304 - "http://localhost:3000/u/%E9%99%88%E7%A4%BC%E9%BE%99/2016-10-18/%E6%88%91%E6%98%AF%E5%AE%87%E5%AE%99%E8%B6%85%E4%BA%BA" "Mozilla/5.0 (Windows NT 6.1; WOW64) AppleWebKit/537.36 (KHTML, like Gecko) Chrome/52.0.2743.116 Safari/537.36"
::1 - - [Mon, 31 Oct 2016 13:10:10 GMT] "GET / HTTP/1.1" 200 1934 "http://localhost:3000/u/%E9%99%88%E7%A4%BC%E9%BE%99/2016-10-18/%E6%88%91%E6%98%AF%E5%AE%87%E5%AE%99%E8%B6%85%E4%BA%BA" "Mozilla/5.0 (Windows NT 6.1; WOW64) AppleWebKit/537.36 (KHTML, like Gecko) Chrome/52.0.2743.116 Safari/537.36"
::1 - - [Mon, 31 Oct 2016 13:10:10 GMT] "GET /stylesheets/style.css HTTP/1.1" 304 - "http://localhost:3000/" "Mozilla/5.0 (Windows NT 6.1; WOW64) AppleWebKit/537.36 (KHTML, like Gecko) Chrome/52.0.2743.116 Safari/537.36"
::1 - - [Mon, 31 Oct 2016 13:10:10 GMT] "GET /stylesheets/markdown.css HTTP/1.1" 304 - "http://localhost:3000/" "Mozilla/5.0 (Windows NT 6.1; WOW64) AppleWebKit/537.36 (KHTML, like Gecko) Chrome/52.0.2743.116 Safari/537.36"
::1 - - [Mon, 31 Oct 2016 13:10:12 GMT] "GET /u/%E8%B5%B5%E4%BA%91 HTTP/1.1" 200 1568 "http://localhost:3000/" "Mozilla/5.0 (Windows NT 6.1; WOW64) AppleWebKit/537.36 (KHTML, like Gecko) Chrome/52.0.2743.116 Safari/537.36"
::1 - - [Mon, 31 Oct 2016 13:10:12 GMT] "GET /stylesheets/style.css HTTP/1.1" 304 - "http://localhost:3000/u/%E8%B5%B5%E4%BA%91" "Mozilla/5.0 (Windows NT 6.1; WOW64) AppleWebKit/537.36 (KHTML, like Gecko) Chrome/52.0.2743.116 Safari/537.36"
::1 - - [Mon, 31 Oct 2016 13:10:12 GMT] "GET /stylesheets/markdown.css HTTP/1.1" 304 - "http://localhost:3000/u/%E8%B5%B5%E4%BA%91" "Mozilla/5.0 (Windows NT 6.1; WOW64) AppleWebKit/537.36 (KHTML, like Gecko) Chrome/52.0.2743.116 Safari/537.36"
::1 - - [Mon, 31 Oct 2016 13:10:15 GMT] "GET /u/%E8%B5%B5%E4%BA%91/2016-10-18/%E5%91%B5%E5%91%B5%E5%93%92 HTTP/1.1" 200 2027 "http://localhost:3000/u/%E8%B5%B5%E4%BA%91" "Mozilla/5.0 (Windows NT 6.1; WOW64) AppleWebKit/537.36 (KHTML, like Gecko) Chrome/52.0.2743.116 Safari/537.36"
::1 - - [Mon, 31 Oct 2016 13:10:15 GMT] "GET /stylesheets/style.css HTTP/1.1" 304 - "http://localhost:3000/u/%E8%B5%B5%E4%BA%91/2016-10-18/%E5%91%B5%E5%91%B5%E5%93%92" "Mozilla/5.0 (Windows NT 6.1; WOW64) AppleWebKit/537.36 (KHTML, like Gecko) Chrome/52.0.2743.116 Safari/537.36"
::1 - - [Mon, 31 Oct 2016 13:10:15 GMT] "GET /stylesheets/markdown.css HTTP/1.1" 304 - "http://localhost:3000/u/%E8%B5%B5%E4%BA%91/2016-10-18/%E5%91%B5%E5%91%B5%E5%93%92" "Mozilla/5.0 (Windows NT 6.1; WOW64) AppleWebKit/537.36 (KHTML, like Gecko) Chrome/52.0.2743.116 Safari/537.36"
::1 - - [Mon, 31 Oct 2016 13:10:20 GMT] "POST /u/%E8%B5%B5%E4%BA%91/2016-10-18/%E5%91%B5%E5%91%B5%E5%93%92 HTTP/1.1" 302 206 "http://localhost:3000/u/%E8%B5%B5%E4%BA%91/2016-10-18/%E5%91%B5%E5%91%B5%E5%93%92" "Mozilla/5.0 (Windows NT 6.1; WOW64) AppleWebKit/537.36 (KHTML, like Gecko) Chrome/52.0.2743.116 Safari/537.36"
::1 - - [Mon, 31 Oct 2016 13:10:20 GMT] "GET /u/%E8%B5%B5%E4%BA%91/2016-10-18/%E5%91%B5%E5%91%B5%E5%93%92 HTTP/1.1" 200 2335 "http://localhost:3000/u/%E8%B5%B5%E4%BA%91/2016-10-18/%E5%91%B5%E5%91%B5%E5%93%92" "Mozilla/5.0 (Windows NT 6.1; WOW64) AppleWebKit/537.36 (KHTML, like Gecko) Chrome/52.0.2743.116 Safari/537.36"
::1 - - [Mon, 31 Oct 2016 13:10:20 GMT] "GET /stylesheets/style.css HTTP/1.1" 304 - "http://localhost:3000/u/%E8%B5%B5%E4%BA%91/2016-10-18/%E5%91%B5%E5%91%B5%E5%93%92" "Mozilla/5.0 (Windows NT 6.1; WOW64) AppleWebKit/537.36 (KHTML, like Gecko) Chrome/52.0.2743.116 Safari/537.36"
::1 - - [Mon, 31 Oct 2016 13:10:20 GMT] "GET /stylesheets/markdown.css HTTP/1.1" 304 - "http://localhost:3000/u/%E8%B5%B5%E4%BA%91/2016-10-18/%E5%91%B5%E5%91%B5%E5%93%92" "Mozilla/5.0 (Windows NT 6.1; WOW64) AppleWebKit/537.36 (KHTML, like Gecko) Chrome/52.0.2743.116 Safari/537.36"
::1 - - [Mon, 31 Oct 2016 14:04:00 GMT] "GET / HTTP/1.1" 200 1934 "-" "Mozilla/5.0 (Windows NT 6.1; WOW64) AppleWebKit/537.36 (KHTML, like Gecko) Chrome/52.0.2743.116 Safari/537.36"
::1 - - [Mon, 31 Oct 2016 14:04:00 GMT] "GET /stylesheets/style.css HTTP/1.1" 304 - "http://localhost:3000/" "Mozilla/5.0 (Windows NT 6.1; WOW64) AppleWebKit/537.36 (KHTML, like Gecko) Chrome/52.0.2743.116 Safari/537.36"
::1 - - [Mon, 31 Oct 2016 14:04:00 GMT] "GET /stylesheets/markdown.css HTTP/1.1" 304 - "http://localhost:3000/" "Mozilla/5.0 (Windows NT 6.1; WOW64) AppleWebKit/537.36 (KHTML, like Gecko) Chrome/52.0.2743.116 Safari/537.36"
::1 - - [Mon, 31 Oct 2016 14:04:02 GMT] "GET /logout HTTP/1.1" 302 46 "http://localhost:3000/" "Mozilla/5.0 (Windows NT 6.1; WOW64) AppleWebKit/537.36 (KHTML, like Gecko) Chrome/52.0.2743.116 Safari/537.36"
::1 - - [Mon, 31 Oct 2016 14:04:02 GMT] "GET / HTTP/1.1" 200 1888 "http://localhost:3000/" "Mozilla/5.0 (Windows NT 6.1; WOW64) AppleWebKit/537.36 (KHTML, like Gecko) Chrome/52.0.2743.116 Safari/537.36"
::1 - - [Mon, 31 Oct 2016 14:04:02 GMT] "GET /stylesheets/style.css HTTP/1.1" 304 - "http://localhost:3000/" "Mozilla/5.0 (Windows NT 6.1; WOW64) AppleWebKit/537.36 (KHTML, like Gecko) Chrome/52.0.2743.116 Safari/537.36"
::1 - - [Mon, 31 Oct 2016 14:04:02 GMT] "GET /stylesheets/markdown.css HTTP/1.1" 304 - "http://localhost:3000/" "Mozilla/5.0 (Windows NT 6.1; WOW64) AppleWebKit/537.36 (KHTML, like Gecko) Chrome/52.0.2743.116 Safari/537.36"
::1 - - [Mon, 31 Oct 2016 14:04:04 GMT] "GET /login HTTP/1.1" 200 1098 "http://localhost:3000/" "Mozilla/5.0 (Windows NT 6.1; WOW64) AppleWebKit/537.36 (KHTML, like Gecko) Chrome/52.0.2743.116 Safari/537.36"
::1 - - [Mon, 31 Oct 2016 14:04:04 GMT] "GET /stylesheets/style.css HTTP/1.1" 304 - "http://localhost:3000/login" "Mozilla/5.0 (Windows NT 6.1; WOW64) AppleWebKit/537.36 (KHTML, like Gecko) Chrome/52.0.2743.116 Safari/537.36"
::1 - - [Mon, 31 Oct 2016 14:04:04 GMT] "GET /stylesheets/markdown.css HTTP/1.1" 304 - "http://localhost:3000/login" "Mozilla/5.0 (Windows NT 6.1; WOW64) AppleWebKit/537.36 (KHTML, like Gecko) Chrome/52.0.2743.116 Safari/537.36"
::1 - - [Mon, 31 Oct 2016 14:04:05 GMT] "GET /login/github HTTP/1.1" 302 0 "http://localhost:3000/login" "Mozilla/5.0 (Windows NT 6.1; WOW64) AppleWebKit/537.36 (KHTML, like Gecko) Chrome/52.0.2743.116 Safari/537.36"
::1 - - [Mon, 31 Oct 2016 14:07:50 GMT] "GET /login/github/callback?code=055ff42f6808d65dc3c0 HTTP/1.1" 302 46 "https://github.com/" "Mozilla/5.0 (Windows NT 6.1; WOW64) AppleWebKit/537.36 (KHTML, like Gecko) Chrome/52.0.2743.116 Safari/537.36"
::1 - - [Mon, 31 Oct 2016 14:07:50 GMT] "GET / HTTP/1.1" 200 1965 "https://github.com/" "Mozilla/5.0 (Windows NT 6.1; WOW64) AppleWebKit/537.36 (KHTML, like Gecko) Chrome/52.0.2743.116 Safari/537.36"
::1 - - [Mon, 31 Oct 2016 14:07:50 GMT] "GET /stylesheets/markdown.css HTTP/1.1" 304 - "http://localhost:3000/" "Mozilla/5.0 (Windows NT 6.1; WOW64) AppleWebKit/537.36 (KHTML, like Gecko) Chrome/52.0.2743.116 Safari/537.36"
::1 - - [Mon, 31 Oct 2016 14:07:50 GMT] "GET /stylesheets/style.css HTTP/1.1" 304 - "http://localhost:3000/" "Mozilla/5.0 (Windows NT 6.1; WOW64) AppleWebKit/537.36 (KHTML, like Gecko) Chrome/52.0.2743.116 Safari/537.36"
::1 - - [Mon, 31 Oct 2016 14:07:55 GMT] "GET / HTTP/1.1" 200 1934 "http://localhost:3000/" "Mozilla/5.0 (Windows NT 6.1; WOW64) AppleWebKit/537.36 (KHTML, like Gecko) Chrome/52.0.2743.116 Safari/537.36"
::1 - - [Mon, 31 Oct 2016 14:07:55 GMT] "GET /stylesheets/style.css HTTP/1.1" 304 - "http://localhost:3000/" "Mozilla/5.0 (Windows NT 6.1; WOW64) AppleWebKit/537.36 (KHTML, like Gecko) Chrome/52.0.2743.116 Safari/537.36"
::1 - - [Mon, 31 Oct 2016 14:07:55 GMT] "GET /stylesheets/markdown.css HTTP/1.1" 304 - "http://localhost:3000/" "Mozilla/5.0 (Windows NT 6.1; WOW64) AppleWebKit/537.36 (KHTML, like Gecko) Chrome/52.0.2743.116 Safari/537.36"
::1 - - [Mon, 31 Oct 2016 14:07:57 GMT] "GET /post HTTP/1.1" 304 - "http://localhost:3000/" "Mozilla/5.0 (Windows NT 6.1; WOW64) AppleWebKit/537.36 (KHTML, like Gecko) Chrome/52.0.2743.116 Safari/537.36"
::1 - - [Mon, 31 Oct 2016 14:07:57 GMT] "GET /stylesheets/style.css HTTP/1.1" 304 - "http://localhost:3000/post" "Mozilla/5.0 (Windows NT 6.1; WOW64) AppleWebKit/537.36 (KHTML, like Gecko) Chrome/52.0.2743.116 Safari/537.36"
::1 - - [Mon, 31 Oct 2016 14:07:57 GMT] "GET /stylesheets/markdown.css HTTP/1.1" 304 - "http://localhost:3000/post" "Mozilla/5.0 (Windows NT 6.1; WOW64) AppleWebKit/537.36 (KHTML, like Gecko) Chrome/52.0.2743.116 Safari/537.36"
::1 - - [Mon, 31 Oct 2016 14:08:11 GMT] "POST /post HTTP/1.1" 302 46 "http://localhost:3000/post" "Mozilla/5.0 (Windows NT 6.1; WOW64) AppleWebKit/537.36 (KHTML, like Gecko) Chrome/52.0.2743.116 Safari/537.36"
::1 - - [Mon, 31 Oct 2016 14:08:11 GMT] "GET / HTTP/1.1" 200 2433 "http://localhost:3000/post" "Mozilla/5.0 (Windows NT 6.1; WOW64) AppleWebKit/537.36 (KHTML, like Gecko) Chrome/52.0.2743.116 Safari/537.36"
::1 - - [Mon, 31 Oct 2016 14:08:11 GMT] "GET /stylesheets/style.css HTTP/1.1" 304 - "http://localhost:3000/" "Mozilla/5.0 (Windows NT 6.1; WOW64) AppleWebKit/537.36 (KHTML, like Gecko) Chrome/52.0.2743.116 Safari/537.36"
::1 - - [Mon, 31 Oct 2016 14:08:11 GMT] "GET /stylesheets/markdown.css HTTP/1.1" 304 - "http://localhost:3000/" "Mozilla/5.0 (Windows NT 6.1; WOW64) AppleWebKit/537.36 (KHTML, like Gecko) Chrome/52.0.2743.116 Safari/537.36"
::1 - - [Mon, 31 Oct 2016 14:08:14 GMT] "GET / HTTP/1.1" 200 2404 "http://localhost:3000/" "Mozilla/5.0 (Windows NT 6.1; WOW64) AppleWebKit/537.36 (KHTML, like Gecko) Chrome/52.0.2743.116 Safari/537.36"
::1 - - [Mon, 31 Oct 2016 14:08:14 GMT] "GET /stylesheets/style.css HTTP/1.1" 304 - "http://localhost:3000/" "Mozilla/5.0 (Windows NT 6.1; WOW64) AppleWebKit/537.36 (KHTML, like Gecko) Chrome/52.0.2743.116 Safari/537.36"
::1 - - [Mon, 31 Oct 2016 14:08:14 GMT] "GET /stylesheets/markdown.css HTTP/1.1" 304 - "http://localhost:3000/" "Mozilla/5.0 (Windows NT 6.1; WOW64) AppleWebKit/537.36 (KHTML, like Gecko) Chrome/52.0.2743.116 Safari/537.36"
::1 - - [Mon, 31 Oct 2016 14:08:17 GMT] "GET /archive HTTP/1.1" 200 1375 "http://localhost:3000/" "Mozilla/5.0 (Windows NT 6.1; WOW64) AppleWebKit/537.36 (KHTML, like Gecko) Chrome/52.0.2743.116 Safari/537.36"
::1 - - [Mon, 31 Oct 2016 14:08:17 GMT] "GET /stylesheets/style.css HTTP/1.1" 304 - "http://localhost:3000/archive" "Mozilla/5.0 (Windows NT 6.1; WOW64) AppleWebKit/537.36 (KHTML, like Gecko) Chrome/52.0.2743.116 Safari/537.36"
::1 - - [Mon, 31 Oct 2016 14:08:17 GMT] "GET /stylesheets/markdown.css HTTP/1.1" 304 - "http://localhost:3000/archive" "Mozilla/5.0 (Windows NT 6.1; WOW64) AppleWebKit/537.36 (KHTML, like Gecko) Chrome/52.0.2743.116 Safari/537.36"
::1 - - [Mon, 31 Oct 2016 14:08:18 GMT] "GET / HTTP/1.1" 304 - "http://localhost:3000/archive" "Mozilla/5.0 (Windows NT 6.1; WOW64) AppleWebKit/537.36 (KHTML, like Gecko) Chrome/52.0.2743.116 Safari/537.36"
::1 - - [Mon, 31 Oct 2016 14:08:18 GMT] "GET /stylesheets/style.css HTTP/1.1" 304 - "http://localhost:3000/" "Mozilla/5.0 (Windows NT 6.1; WOW64) AppleWebKit/537.36 (KHTML, like Gecko) Chrome/52.0.2743.116 Safari/537.36"
::1 - - [Mon, 31 Oct 2016 14:08:18 GMT] "GET /stylesheets/markdown.css HTTP/1.1" 304 - "http://localhost:3000/" "Mozilla/5.0 (Windows NT 6.1; WOW64) AppleWebKit/537.36 (KHTML, like Gecko) Chrome/52.0.2743.116 Safari/537.36"
::1 - - [Mon, 31 Oct 2016 14:08:24 GMT] "GET /logout HTTP/1.1" 302 46 "http://localhost:3000/" "Mozilla/5.0 (Windows NT 6.1; WOW64) AppleWebKit/537.36 (KHTML, like Gecko) Chrome/52.0.2743.116 Safari/537.36"
::1 - - [Mon, 31 Oct 2016 14:08:24 GMT] "GET / HTTP/1.1" 200 2358 "http://localhost:3000/" "Mozilla/5.0 (Windows NT 6.1; WOW64) AppleWebKit/537.36 (KHTML, like Gecko) Chrome/52.0.2743.116 Safari/537.36"
::1 - - [Mon, 31 Oct 2016 14:08:24 GMT] "GET /stylesheets/style.css HTTP/1.1" 304 - "http://localhost:3000/" "Mozilla/5.0 (Windows NT 6.1; WOW64) AppleWebKit/537.36 (KHTML, like Gecko) Chrome/52.0.2743.116 Safari/537.36"
::1 - - [Mon, 31 Oct 2016 14:08:24 GMT] "GET /stylesheets/markdown.css HTTP/1.1" 304 - "http://localhost:3000/" "Mozilla/5.0 (Windows NT 6.1; WOW64) AppleWebKit/537.36 (KHTML, like Gecko) Chrome/52.0.2743.116 Safari/537.36"
::1 - - [Mon, 31 Oct 2016 14:08:26 GMT] "GET / HTTP/1.1" 200 2330 "http://localhost:3000/" "Mozilla/5.0 (Windows NT 6.1; WOW64) AppleWebKit/537.36 (KHTML, like Gecko) Chrome/52.0.2743.116 Safari/537.36"
::1 - - [Mon, 31 Oct 2016 14:08:26 GMT] "GET /stylesheets/style.css HTTP/1.1" 304 - "http://localhost:3000/" "Mozilla/5.0 (Windows NT 6.1; WOW64) AppleWebKit/537.36 (KHTML, like Gecko) Chrome/52.0.2743.116 Safari/537.36"
::1 - - [Mon, 31 Oct 2016 14:08:26 GMT] "GET /stylesheets/markdown.css HTTP/1.1" 304 - "http://localhost:3000/" "Mozilla/5.0 (Windows NT 6.1; WOW64) AppleWebKit/537.36 (KHTML, like Gecko) Chrome/52.0.2743.116 Safari/537.36"
::1 - - [Mon, 31 Oct 2016 14:08:27 GMT] "GET /reg HTTP/1.1" 200 1172 "http://localhost:3000/" "Mozilla/5.0 (Windows NT 6.1; WOW64) AppleWebKit/537.36 (KHTML, like Gecko) Chrome/52.0.2743.116 Safari/537.36"
::1 - - [Mon, 31 Oct 2016 14:08:27 GMT] "GET /stylesheets/style.css HTTP/1.1" 304 - "http://localhost:3000/reg" "Mozilla/5.0 (Windows NT 6.1; WOW64) AppleWebKit/537.36 (KHTML, like Gecko) Chrome/52.0.2743.116 Safari/537.36"
::1 - - [Mon, 31 Oct 2016 14:08:27 GMT] "GET /stylesheets/markdown.css HTTP/1.1" 304 - "http://localhost:3000/reg" "Mozilla/5.0 (Windows NT 6.1; WOW64) AppleWebKit/537.36 (KHTML, like Gecko) Chrome/52.0.2743.116 Safari/537.36"
::1 - - [Mon, 31 Oct 2016 14:08:28 GMT] "GET / HTTP/1.1" 304 - "http://localhost:3000/reg" "Mozilla/5.0 (Windows NT 6.1; WOW64) AppleWebKit/537.36 (KHTML, like Gecko) Chrome/52.0.2743.116 Safari/537.36"
::1 - - [Mon, 31 Oct 2016 14:08:28 GMT] "GET /stylesheets/style.css HTTP/1.1" 304 - "http://localhost:3000/" "Mozilla/5.0 (Windows NT 6.1; WOW64) AppleWebKit/537.36 (KHTML, like Gecko) Chrome/52.0.2743.116 Safari/537.36"
::1 - - [Mon, 31 Oct 2016 14:08:28 GMT] "GET /stylesheets/markdown.css HTTP/1.1" 304 - "http://localhost:3000/" "Mozilla/5.0 (Windows NT 6.1; WOW64) AppleWebKit/537.36 (KHTML, like Gecko) Chrome/52.0.2743.116 Safari/537.36"
::1 - - [Mon, 31 Oct 2016 14:08:28 GMT] "GET /login HTTP/1.1" 304 - "http://localhost:3000/" "Mozilla/5.0 (Windows NT 6.1; WOW64) AppleWebKit/537.36 (KHTML, like Gecko) Chrome/52.0.2743.116 Safari/537.36"
::1 - - [Mon, 31 Oct 2016 14:08:29 GMT] "GET /stylesheets/style.css HTTP/1.1" 304 - "http://localhost:3000/login" "Mozilla/5.0 (Windows NT 6.1; WOW64) AppleWebKit/537.36 (KHTML, like Gecko) Chrome/52.0.2743.116 Safari/537.36"
::1 - - [Mon, 31 Oct 2016 14:08:29 GMT] "GET /stylesheets/markdown.css HTTP/1.1" 304 - "http://localhost:3000/login" "Mozilla/5.0 (Windows NT 6.1; WOW64) AppleWebKit/537.36 (KHTML, like Gecko) Chrome/52.0.2743.116 Safari/537.36"
::1 - - [Mon, 31 Oct 2016 14:08:29 GMT] "GET /login/github HTTP/1.1" 302 0 "http://localhost:3000/login" "Mozilla/5.0 (Windows NT 6.1; WOW64) AppleWebKit/537.36 (KHTML, like Gecko) Chrome/52.0.2743.116 Safari/537.36"
::1 - - [Mon, 31 Oct 2016 14:08:32 GMT] "GET /login/github/callback?code=7a58f5e549fe560026a2 HTTP/1.1" - - "http://localhost:3000/login" "Mozilla/5.0 (Windows NT 6.1; WOW64) AppleWebKit/537.36 (KHTML, like Gecko) Chrome/52.0.2743.116 Safari/537.36"
::1 - - [Mon, 31 Oct 2016 14:18:08 GMT] "GET /login HTTP/1.1" 500 88 "http://localhost:3000/" "Mozilla/5.0 (Windows NT 6.1; WOW64) AppleWebKit/537.36 (KHTML, like Gecko) Chrome/52.0.2743.116 Safari/537.36"
::1 - - [Mon, 31 Oct 2016 14:18:08 GMT] "GET / HTTP/1.1" 200 2460 "http://localhost:3000/" "Mozilla/5.0 (Windows NT 6.1; WOW64) AppleWebKit/537.36 (KHTML, like Gecko) Chrome/52.0.2743.116 Safari/537.36"
::1 - - [Mon, 31 Oct 2016 14:18:08 GMT] "GET /stylesheets/style.css HTTP/1.1" 304 - "http://localhost:3000/" "Mozilla/5.0 (Windows NT 6.1; WOW64) AppleWebKit/537.36 (KHTML, like Gecko) Chrome/52.0.2743.116 Safari/537.36"
::1 - - [Mon, 31 Oct 2016 14:18:08 GMT] "GET /stylesheets/markdown.css HTTP/1.1" 304 - "http://localhost:3000/" "Mozilla/5.0 (Windows NT 6.1; WOW64) AppleWebKit/537.36 (KHTML, like Gecko) Chrome/52.0.2743.116 Safari/537.36"
::1 - - [Mon, 31 Oct 2016 14:18:11 GMT] "GET /logout HTTP/1.1" 302 46 "http://localhost:3000/" "Mozilla/5.0 (Windows NT 6.1; WOW64) AppleWebKit/537.36 (KHTML, like Gecko) Chrome/52.0.2743.116 Safari/537.36"
::1 - - [Mon, 31 Oct 2016 14:18:11 GMT] "GET / HTTP/1.1" 200 2358 "http://localhost:3000/" "Mozilla/5.0 (Windows NT 6.1; WOW64) AppleWebKit/537.36 (KHTML, like Gecko) Chrome/52.0.2743.116 Safari/537.36"
::1 - - [Mon, 31 Oct 2016 14:18:11 GMT] "GET /stylesheets/style.css HTTP/1.1" 304 - "http://localhost:3000/" "Mozilla/5.0 (Windows NT 6.1; WOW64) AppleWebKit/537.36 (KHTML, like Gecko) Chrome/52.0.2743.116 Safari/537.36"
::1 - - [Mon, 31 Oct 2016 14:18:11 GMT] "GET /stylesheets/markdown.css HTTP/1.1" 304 - "http://localhost:3000/" "Mozilla/5.0 (Windows NT 6.1; WOW64) AppleWebKit/537.36 (KHTML, like Gecko) Chrome/52.0.2743.116 Safari/537.36"
::1 - - [Mon, 31 Oct 2016 14:18:12 GMT] "GET /reg HTTP/1.1" 304 - "http://localhost:3000/" "Mozilla/5.0 (Windows NT 6.1; WOW64) AppleWebKit/537.36 (KHTML, like Gecko) Chrome/52.0.2743.116 Safari/537.36"
::1 - - [Mon, 31 Oct 2016 14:18:12 GMT] "GET /stylesheets/style.css HTTP/1.1" 304 - "http://localhost:3000/reg" "Mozilla/5.0 (Windows NT 6.1; WOW64) AppleWebKit/537.36 (KHTML, like Gecko) Chrome/52.0.2743.116 Safari/537.36"
::1 - - [Mon, 31 Oct 2016 14:18:12 GMT] "GET /stylesheets/markdown.css HTTP/1.1" 304 - "http://localhost:3000/reg" "Mozilla/5.0 (Windows NT 6.1; WOW64) AppleWebKit/537.36 (KHTML, like Gecko) Chrome/52.0.2743.116 Safari/537.36"
::1 - - [Mon, 31 Oct 2016 14:18:13 GMT] "GET /login HTTP/1.1" 200 1098 "http://localhost:3000/reg" "Mozilla/5.0 (Windows NT 6.1; WOW64) AppleWebKit/537.36 (KHTML, like Gecko) Chrome/52.0.2743.116 Safari/537.36"
::1 - - [Mon, 31 Oct 2016 14:18:13 GMT] "GET /stylesheets/style.css HTTP/1.1" 304 - "http://localhost:3000/login" "Mozilla/5.0 (Windows NT 6.1; WOW64) AppleWebKit/537.36 (KHTML, like Gecko) Chrome/52.0.2743.116 Safari/537.36"
::1 - - [Mon, 31 Oct 2016 14:18:13 GMT] "GET /stylesheets/markdown.css HTTP/1.1" 304 - "http://localhost:3000/login" "Mozilla/5.0 (Windows NT 6.1; WOW64) AppleWebKit/537.36 (KHTML, like Gecko) Chrome/52.0.2743.116 Safari/537.36"
::1 - - [Mon, 31 Oct 2016 14:18:21 GMT] "POST /login HTTP/1.1" 302 56 "http://localhost:3000/login" "Mozilla/5.0 (Windows NT 6.1; WOW64) AppleWebKit/537.36 (KHTML, like Gecko) Chrome/52.0.2743.116 Safari/537.36"
::1 - - [Mon, 31 Oct 2016 14:18:21 GMT] "GET /login HTTP/1.1" 200 1126 "http://localhost:3000/login" "Mozilla/5.0 (Windows NT 6.1; WOW64) AppleWebKit/537.36 (KHTML, like Gecko) Chrome/52.0.2743.116 Safari/537.36"
::1 - - [Mon, 31 Oct 2016 14:18:21 GMT] "GET /stylesheets/style.css HTTP/1.1" 304 - "http://localhost:3000/login" "Mozilla/5.0 (Windows NT 6.1; WOW64) AppleWebKit/537.36 (KHTML, like Gecko) Chrome/52.0.2743.116 Safari/537.36"
::1 - - [Mon, 31 Oct 2016 14:18:21 GMT] "GET /stylesheets/markdown.css HTTP/1.1" 304 - "http://localhost:3000/login" "Mozilla/5.0 (Windows NT 6.1; WOW64) AppleWebKit/537.36 (KHTML, like Gecko) Chrome/52.0.2743.116 Safari/537.36"
::1 - - [Mon, 31 Oct 2016 14:18:30 GMT] "POST /login HTTP/1.1" 302 46 "http://localhost:3000/login" "Mozilla/5.0 (Windows NT 6.1; WOW64) AppleWebKit/537.36 (KHTML, like Gecko) Chrome/52.0.2743.116 Safari/537.36"
::1 - - [Mon, 31 Oct 2016 14:18:30 GMT] "GET / HTTP/1.1" 200 2432 "http://localhost:3000/login" "Mozilla/5.0 (Windows NT 6.1; WOW64) AppleWebKit/537.36 (KHTML, like Gecko) Chrome/52.0.2743.116 Safari/537.36"
::1 - - [Mon, 31 Oct 2016 14:18:30 GMT] "GET /stylesheets/style.css HTTP/1.1" 304 - "http://localhost:3000/" "Mozilla/5.0 (Windows NT 6.1; WOW64) AppleWebKit/537.36 (KHTML, like Gecko) Chrome/52.0.2743.116 Safari/537.36"
::1 - - [Mon, 31 Oct 2016 14:18:30 GMT] "GET /stylesheets/markdown.css HTTP/1.1" 304 - "http://localhost:3000/" "Mozilla/5.0 (Windows NT 6.1; WOW64) AppleWebKit/537.36 (KHTML, like Gecko) Chrome/52.0.2743.116 Safari/537.36"
::1 - - [Mon, 31 Oct 2016 14:18:32 GMT] "GET /u/%E8%B5%B5%E4%BA%91/2016-10-18/%E5%91%B5%E5%91%B5%E5%93%92 HTTP/1.1" 200 2306 "http://localhost:3000/" "Mozilla/5.0 (Windows NT 6.1; WOW64) AppleWebKit/537.36 (KHTML, like Gecko) Chrome/52.0.2743.116 Safari/537.36"
::1 - - [Mon, 31 Oct 2016 14:18:32 GMT] "GET /stylesheets/style.css HTTP/1.1" 304 - "http://localhost:3000/u/%E8%B5%B5%E4%BA%91/2016-10-18/%E5%91%B5%E5%91%B5%E5%93%92" "Mozilla/5.0 (Windows NT 6.1; WOW64) AppleWebKit/537.36 (KHTML, like Gecko) Chrome/52.0.2743.116 Safari/537.36"
::1 - - [Mon, 31 Oct 2016 14:18:32 GMT] "GET /stylesheets/markdown.css HTTP/1.1" 304 - "http://localhost:3000/u/%E8%B5%B5%E4%BA%91/2016-10-18/%E5%91%B5%E5%91%B5%E5%93%92" "Mozilla/5.0 (Windows NT 6.1; WOW64) AppleWebKit/537.36 (KHTML, like Gecko) Chrome/52.0.2743.116 Safari/537.36"
::1 - - [Mon, 31 Oct 2016 14:18:38 GMT] "GET / HTTP/1.1" 200 2404 "http://localhost:3000/u/%E8%B5%B5%E4%BA%91/2016-10-18/%E5%91%B5%E5%91%B5%E5%93%92" "Mozilla/5.0 (Windows NT 6.1; WOW64) AppleWebKit/537.36 (KHTML, like Gecko) Chrome/52.0.2743.116 Safari/537.36"
::1 - - [Mon, 31 Oct 2016 14:18:38 GMT] "GET /stylesheets/style.css HTTP/1.1" 304 - "http://localhost:3000/" "Mozilla/5.0 (Windows NT 6.1; WOW64) AppleWebKit/537.36 (KHTML, like Gecko) Chrome/52.0.2743.116 Safari/537.36"
::1 - - [Mon, 31 Oct 2016 14:18:38 GMT] "GET /stylesheets/markdown.css HTTP/1.1" 304 - "http://localhost:3000/" "Mozilla/5.0 (Windows NT 6.1; WOW64) AppleWebKit/537.36 (KHTML, like Gecko) Chrome/52.0.2743.116 Safari/537.36"
::1 - - [Mon, 31 Oct 2016 14:18:40 GMT] "GET /u/codinglilong HTTP/1.1" 302 46 "http://localhost:3000/" "Mozilla/5.0 (Windows NT 6.1; WOW64) AppleWebKit/537.36 (KHTML, like Gecko) Chrome/52.0.2743.116 Safari/537.36"
::1 - - [Mon, 31 Oct 2016 14:18:40 GMT] "GET / HTTP/1.1" 200 2436 "http://localhost:3000/" "Mozilla/5.0 (Windows NT 6.1; WOW64) AppleWebKit/537.36 (KHTML, like Gecko) Chrome/52.0.2743.116 Safari/537.36"
::1 - - [Mon, 31 Oct 2016 14:18:40 GMT] "GET /stylesheets/style.css HTTP/1.1" 304 - "http://localhost:3000/" "Mozilla/5.0 (Windows NT 6.1; WOW64) AppleWebKit/537.36 (KHTML, like Gecko) Chrome/52.0.2743.116 Safari/537.36"
::1 - - [Mon, 31 Oct 2016 14:18:40 GMT] "GET /stylesheets/markdown.css HTTP/1.1" 304 - "http://localhost:3000/" "Mozilla/5.0 (Windows NT 6.1; WOW64) AppleWebKit/537.36 (KHTML, like Gecko) Chrome/52.0.2743.116 Safari/537.36"
::1 - - [Mon, 31 Oct 2016 14:18:42 GMT] "GET /u/codinglilong HTTP/1.1" 302 46 "http://localhost:3000/" "Mozilla/5.0 (Windows NT 6.1; WOW64) AppleWebKit/537.36 (KHTML, like Gecko) Chrome/52.0.2743.116 Safari/537.36"
::1 - - [Mon, 31 Oct 2016 14:18:42 GMT] "GET / HTTP/1.1" 304 - "http://localhost:3000/" "Mozilla/5.0 (Windows NT 6.1; WOW64) AppleWebKit/537.36 (KHTML, like Gecko) Chrome/52.0.2743.116 Safari/537.36"
::1 - - [Mon, 31 Oct 2016 14:18:42 GMT] "GET /stylesheets/style.css HTTP/1.1" 304 - "http://localhost:3000/" "Mozilla/5.0 (Windows NT 6.1; WOW64) AppleWebKit/537.36 (KHTML, like Gecko) Chrome/52.0.2743.116 Safari/537.36"
::1 - - [Mon, 31 Oct 2016 14:18:42 GMT] "GET /stylesheets/markdown.css HTTP/1.1" 304 - "http://localhost:3000/" "Mozilla/5.0 (Windows NT 6.1; WOW64) AppleWebKit/537.36 (KHTML, like Gecko) Chrome/52.0.2743.116 Safari/537.36"
::1 - - [Mon, 31 Oct 2016 14:18:44 GMT] "GET /u/%E8%B5%B5%E4%BA%91 HTTP/1.1" 200 1568 "http://localhost:3000/" "Mozilla/5.0 (Windows NT 6.1; WOW64) AppleWebKit/537.36 (KHTML, like Gecko) Chrome/52.0.2743.116 Safari/537.36"
::1 - - [Mon, 31 Oct 2016 14:18:44 GMT] "GET /stylesheets/style.css HTTP/1.1" 304 - "http://localhost:3000/u/%E8%B5%B5%E4%BA%91" "Mozilla/5.0 (Windows NT 6.1; WOW64) AppleWebKit/537.36 (KHTML, like Gecko) Chrome/52.0.2743.116 Safari/537.36"
::1 - - [Mon, 31 Oct 2016 14:18:44 GMT] "GET /stylesheets/markdown.css HTTP/1.1" 304 - "http://localhost:3000/u/%E8%B5%B5%E4%BA%91" "Mozilla/5.0 (Windows NT 6.1; WOW64) AppleWebKit/537.36 (KHTML, like Gecko) Chrome/52.0.2743.116 Safari/537.36"
::1 - - [Mon, 31 Oct 2016 14:18:45 GMT] "GET /u/%E8%B5%B5%E4%BA%91 HTTP/1.1" 304 - "http://localhost:3000/u/%E8%B5%B5%E4%BA%91" "Mozilla/5.0 (Windows NT 6.1; WOW64) AppleWebKit/537.36 (KHTML, like Gecko) Chrome/52.0.2743.116 Safari/537.36"
::1 - - [Mon, 31 Oct 2016 14:18:45 GMT] "GET /stylesheets/style.css HTTP/1.1" 304 - "http://localhost:3000/u/%E8%B5%B5%E4%BA%91" "Mozilla/5.0 (Windows NT 6.1; WOW64) AppleWebKit/537.36 (KHTML, like Gecko) Chrome/52.0.2743.116 Safari/537.36"
::1 - - [Mon, 31 Oct 2016 14:18:45 GMT] "GET /stylesheets/markdown.css HTTP/1.1" 304 - "http://localhost:3000/u/%E8%B5%B5%E4%BA%91" "Mozilla/5.0 (Windows NT 6.1; WOW64) AppleWebKit/537.36 (KHTML, like Gecko) Chrome/52.0.2743.116 Safari/537.36"
::1 - - [Mon, 31 Oct 2016 14:18:46 GMT] "GET /u/%E8%B5%B5%E4%BA%91 HTTP/1.1" 304 - "http://localhost:3000/u/%E8%B5%B5%E4%BA%91" "Mozilla/5.0 (Windows NT 6.1; WOW64) AppleWebKit/537.36 (KHTML, like Gecko) Chrome/52.0.2743.116 Safari/537.36"
::1 - - [Mon, 31 Oct 2016 14:18:46 GMT] "GET /stylesheets/style.css HTTP/1.1" 304 - "http://localhost:3000/u/%E8%B5%B5%E4%BA%91" "Mozilla/5.0 (Windows NT 6.1; WOW64) AppleWebKit/537.36 (KHTML, like Gecko) Chrome/52.0.2743.116 Safari/537.36"
::1 - - [Mon, 31 Oct 2016 14:18:46 GMT] "GET /stylesheets/markdown.css HTTP/1.1" 304 - "http://localhost:3000/u/%E8%B5%B5%E4%BA%91" "Mozilla/5.0 (Windows NT 6.1; WOW64) AppleWebKit/537.36 (KHTML, like Gecko) Chrome/52.0.2743.116 Safari/537.36"
